<?xml version="1.0" encoding="UTF-8"?>
<testsuite name="Bank Test"
           tests="4"
           failures="0"
           errors="0"
           skipped="0"
           time="20.976">
  <properties />
  
  
            <testcase name="searchTheDeletedUserAndVerifyTheMessageNoRecordFound" time="4.203" classname="com.orangehrmlive.demo.testsuite.UsersTest" />
                <testcase name="adminShouldAddUserSuccessFully" time="7.494" classname="com.orangehrmlive.demo.testsuite.UsersTest" />
                <testcase name="searchTheUserCreatedAndVerifyIt" time="4.207" classname="com.orangehrmlive.demo.testsuite.UsersTest" />
                <testcase name="verifyThatAdminShouldDeleteTheUserSuccessFully" time="5.072" classname="com.orangehrmlive.demo.testsuite.UsersTest" />
      
</testsuite>
